!SESSION 2022-08-04 13:48:45.577 -----------------------------------------------
eclipse.buildId=4.24.0.I20220607-0700
java.version=11.0.13
java.vendor=Oracle Corporation
BootLoader constants: OS=win32, ARCH=x86_64, WS=win32, NL=en_US
Framework arguments:  -product org.eclipse.epp.package.java.product
Command-line arguments:  -os win32 -ws win32 -arch x86_64 -product org.eclipse.epp.package.java.product

!ENTRY org.testng.eclipse 4 0 2022-08-04 13:48:50.235
!MESSAGE FrameworkEvent ERROR
!STACK 0
org.osgi.framework.BundleException: Could not resolve module: org.testng.eclipse [496]
  Unresolved requirement: Require-Bundle: org.testng; bundle-version="[6.9.12,8.0.0)"
    -> Bundle-SymbolicName: org.testng; bundle-version="7.6.1.r202207070546"
       org.testng [712]
         Unresolved requirement: Import-Package: com.google.inject; version="[1.2.0,5.0.0)"; resolution:="optional"
         Unresolved requirement: Require-Capability: osgi.ee; filter:="(osgi.ee=UNKNOWN)"

	at org.eclipse.osgi.container.Module.start(Module.java:463)
	at org.eclipse.osgi.container.ModuleContainer$ContainerStartLevel$2.run(ModuleContainer.java:1847)
	at org.eclipse.osgi.internal.framework.EquinoxContainerAdaptor$1$1.execute(EquinoxContainerAdaptor.java:136)
	at org.eclipse.osgi.container.ModuleContainer$ContainerStartLevel.incStartLevel(ModuleContainer.java:1840)
	at org.eclipse.osgi.container.ModuleContainer$ContainerStartLevel.incStartLevel(ModuleContainer.java:1781)
	at org.eclipse.osgi.container.ModuleContainer$ContainerStartLevel.doContainerStartLevel(ModuleContainer.java:1745)
	at org.eclipse.osgi.container.ModuleContainer$ContainerStartLevel.dispatchEvent(ModuleContainer.java:1667)
	at org.eclipse.osgi.container.ModuleContainer$ContainerStartLevel.dispatchEvent(ModuleContainer.java:1)
	at org.eclipse.osgi.framework.eventmgr.EventManager.dispatchEvent(EventManager.java:234)
	at org.eclipse.osgi.framework.eventmgr.EventManager$EventThread.run(EventManager.java:345)

!ENTRY org.testng.eclipse.maven 4 0 2022-08-04 13:48:50.252
!MESSAGE FrameworkEvent ERROR
!STACK 0
org.osgi.framework.BundleException: Could not resolve module: org.testng.eclipse.maven [497]
  Unresolved requirement: Require-Bundle: org.testng.eclipse; bundle-version="6.9.10"
    -> Bundle-SymbolicName: org.testng.eclipse; bundle-version="7.4.0.202106051955"; singleton:="true"
       org.testng.eclipse [496]
         Unresolved requirement: Require-Bundle: org.testng; bundle-version="[6.9.12,8.0.0)"
           -> Bundle-SymbolicName: org.testng; bundle-version="7.6.1.r202207070546"
              org.testng [712]
                Unresolved requirement: Import-Package: com.google.inject; version="[1.2.0,5.0.0)"; resolution:="optional"
                Unresolved requirement: Require-Capability: osgi.ee; filter:="(osgi.ee=UNKNOWN)"

	at org.eclipse.osgi.container.Module.start(Module.java:463)
	at org.eclipse.osgi.container.ModuleContainer$ContainerStartLevel$2.run(ModuleContainer.java:1847)
	at org.eclipse.osgi.internal.framework.EquinoxContainerAdaptor$1$1.execute(EquinoxContainerAdaptor.java:136)
	at org.eclipse.osgi.container.ModuleContainer$ContainerStartLevel.incStartLevel(ModuleContainer.java:1840)
	at org.eclipse.osgi.container.ModuleContainer$ContainerStartLevel.incStartLevel(ModuleContainer.java:1781)
	at org.eclipse.osgi.container.ModuleContainer$ContainerStartLevel.doContainerStartLevel(ModuleContainer.java:1745)
	at org.eclipse.osgi.container.ModuleContainer$ContainerStartLevel.dispatchEvent(ModuleContainer.java:1667)
	at org.eclipse.osgi.container.ModuleContainer$ContainerStartLevel.dispatchEvent(ModuleContainer.java:1)
	at org.eclipse.osgi.framework.eventmgr.EventManager.dispatchEvent(EventManager.java:234)
	at org.eclipse.osgi.framework.eventmgr.EventManager$EventThread.run(EventManager.java:345)
